info: Microsoft.EntityFrameworkCore.Infrastructure[10403]
      Entity Framework Core 2.1.1-rtm-30846 initialized 'NopObjectContext' using provider 'Microsoft.EntityFrameworkCore.SqlServer' with options: using lazy-loading proxies 
info: Microsoft.EntityFrameworkCore.Database.Command[20101]
      Executed DbCommand (544ms) [Parameters=[], CommandType='Text', CommandTimeout='30']
      SELECT [t].[Id], [t].[Enabled], [t].[LastEndUtc], [t].[LastStartUtc], [t].[LastSuccessUtc], [t].[Name], [t].[Seconds], [t].[StopOnError], [t].[Type]
      FROM [ScheduleTask] AS [t]
      WHERE [t].[Enabled] = 1
      ORDER BY [t].[Seconds] DESC
info: Microsoft.EntityFrameworkCore.Database.Command[20101]
      Executed DbCommand (606ms) [Parameters=[], CommandType='Text', CommandTimeout='30']
      SELECT [s].[Id], [s].[CompanyAddress], [s].[CompanyName], [s].[CompanyPhoneNumber], [s].[CompanyVat], [s].[DefaultLanguageId], [s].[DisplayOrder], [s].[Hosts], [s].[Name], [s].[SslEnabled], [s].[Url]
      FROM [Store] AS [s]
      ORDER BY [s].[DisplayOrder], [s].[Id]
info: Microsoft.EntityFrameworkCore.Database.Command[20101]
      Executed DbCommand (2,025ms) [Parameters=[], CommandType='Text', CommandTimeout='30']
      SELECT [s].[Id], [s].[Name], [s].[StoreId], [s].[Value]
      FROM [Setting] AS [s]
      ORDER BY [s].[Name], [s].[StoreId]
info: Microsoft.EntityFrameworkCore.Database.Command[20101]
      Executed DbCommand (308ms) [Parameters=[@p0='?' (DbType = DateTime2), @p1='?' (DbType = Int32), @p2='?' (Size = 4000), @p3='?' (Size = 200), @p4='?' (DbType = Int32), @p5='?' (Size = 4000), @p6='?' (Size = 4000), @p7='?' (Size = 4000)], CommandType='Text', CommandTimeout='30']
      SET NOCOUNT ON;
      INSERT INTO [Log] ([CreatedOnUtc], [CustomerId], [FullMessage], [IpAddress], [LogLevelId], [PageUrl], [ReferrerUrl], [ShortMessage])
      VALUES (@p0, @p1, @p2, @p3, @p4, @p5, @p6, @p7);
      SELECT [Id]
      FROM [Log]
      WHERE @@ROWCOUNT = 1 AND [Id] = scope_identity();
info: Microsoft.EntityFrameworkCore.Infrastructure[10403]
      Entity Framework Core 2.1.1-rtm-30846 initialized 'NopObjectContext' using provider 'Microsoft.EntityFrameworkCore.SqlServer' with options: using lazy-loading proxies 
info: Microsoft.EntityFrameworkCore.Infrastructure[10403]
      Entity Framework Core 2.1.1-rtm-30846 initialized 'NopObjectContext' using provider 'Microsoft.EntityFrameworkCore.SqlServer' with options: using lazy-loading proxies 
info: Microsoft.EntityFrameworkCore.Infrastructure[10403]
      Entity Framework Core 2.1.1-rtm-30846 initialized 'NopObjectContext' using provider 'Microsoft.EntityFrameworkCore.SqlServer' with options: using lazy-loading proxies 
info: Microsoft.EntityFrameworkCore.Infrastructure[10403]
      Entity Framework Core 2.1.1-rtm-30846 initialized 'NopObjectContext' using provider 'Microsoft.EntityFrameworkCore.SqlServer' with options: using lazy-loading proxies 
info: Microsoft.EntityFrameworkCore.Database.Command[20101]
      Executed DbCommand (514ms) [Parameters=[@p0='?' (DbType = DateTime2), @p1='?' (DbType = Int32), @p2='?' (Size = 4000), @p3='?' (Size = 200), @p4='?' (DbType = Int32), @p5='?' (Size = 4000), @p6='?' (Size = 4000), @p7='?' (Size = 4000)], CommandType='Text', CommandTimeout='30']
      SET NOCOUNT ON;
      INSERT INTO [Log] ([CreatedOnUtc], [CustomerId], [FullMessage], [IpAddress], [LogLevelId], [PageUrl], [ReferrerUrl], [ShortMessage])
      VALUES (@p0, @p1, @p2, @p3, @p4, @p5, @p6, @p7);
      SELECT [Id]
      FROM [Log]
      WHERE @@ROWCOUNT = 1 AND [Id] = scope_identity();
info: Microsoft.EntityFrameworkCore.Database.Command[20101]
      Executed DbCommand (572ms) [Parameters=[@p0='?' (DbType = DateTime2), @p1='?' (DbType = Int32), @p2='?' (Size = 4000), @p3='?' (Size = 200), @p4='?' (DbType = Int32), @p5='?' (Size = 4000), @p6='?' (Size = 4000), @p7='?' (Size = 4000)], CommandType='Text', CommandTimeout='30']
      SET NOCOUNT ON;
      INSERT INTO [Log] ([CreatedOnUtc], [CustomerId], [FullMessage], [IpAddress], [LogLevelId], [PageUrl], [ReferrerUrl], [ShortMessage])
      VALUES (@p0, @p1, @p2, @p3, @p4, @p5, @p6, @p7);
      SELECT [Id]
      FROM [Log]
      WHERE @@ROWCOUNT = 1 AND [Id] = scope_identity();
info: Microsoft.EntityFrameworkCore.Database.Command[20101]
      Executed DbCommand (1,040ms) [Parameters=[@p0='?' (DbType = DateTime2), @p1='?' (DbType = Int32), @p2='?' (Size = 4000), @p3='?' (Size = 200), @p4='?' (DbType = Int32), @p5='?' (Size = 4000), @p6='?' (Size = 4000), @p7='?' (Size = 4000)], CommandType='Text', CommandTimeout='30']
      SET NOCOUNT ON;
      INSERT INTO [Log] ([CreatedOnUtc], [CustomerId], [FullMessage], [IpAddress], [LogLevelId], [PageUrl], [ReferrerUrl], [ShortMessage])
      VALUES (@p0, @p1, @p2, @p3, @p4, @p5, @p6, @p7);
      SELECT [Id]
      FROM [Log]
      WHERE @@ROWCOUNT = 1 AND [Id] = scope_identity();
info: Microsoft.EntityFrameworkCore.Database.Command[20101]
      Executed DbCommand (42ms) [Parameters=[@p0='?' (DbType = DateTime2), @p1='?' (DbType = Int32), @p2='?' (Size = 4000), @p3='?' (Size = 200), @p4='?' (DbType = Int32), @p5='?' (Size = 4000), @p6='?' (Size = 4000), @p7='?' (Size = 4000)], CommandType='Text', CommandTimeout='30']
      SET NOCOUNT ON;
      INSERT INTO [Log] ([CreatedOnUtc], [CustomerId], [FullMessage], [IpAddress], [LogLevelId], [PageUrl], [ReferrerUrl], [ShortMessage])
      VALUES (@p0, @p1, @p2, @p3, @p4, @p5, @p6, @p7);
      SELECT [Id]
      FROM [Log]
      WHERE @@ROWCOUNT = 1 AND [Id] = scope_identity();
Hosting environment: Development
Content root path: C:\Users\JSGG2\Desktop\ecommerce\nopCommerce_4.10_Source\Presentation\Nop.Web
Now listening on: http://127.0.0.1:4713
Application started. Press Ctrl+C to shut down.
info: Microsoft.AspNetCore.Hosting.Internal.WebHost[1]
      Request starting HTTP/1.1 DEBUG http://localhost:15536/  0
info: Microsoft.AspNetCore.Hosting.Internal.WebHost[1]
      Request starting HTTP/1.1 GET http://localhost:15536/  
info: Microsoft.AspNetCore.Hosting.Internal.WebHost[2]
      Request finished in 939.9856ms 200 
warn: Microsoft.AspNetCore.Localization.RequestLocalizationMiddleware[1]
      AcceptLanguageHeaderRequestCultureProvider returned the following unsupported cultures 'es, en-AU, en'.
warn: Microsoft.AspNetCore.Localization.RequestLocalizationMiddleware[2]
      AcceptLanguageHeaderRequestCultureProvider returned the following unsupported UI Cultures 'es, en-AU, en'.
info: Microsoft.EntityFrameworkCore.Infrastructure[10403]
      Entity Framework Core 2.1.1-rtm-30846 initialized 'NopObjectContext' using provider 'Microsoft.EntityFrameworkCore.SqlServer' with options: using lazy-loading proxies 
info: Microsoft.EntityFrameworkCore.Database.Command[20101]
      Executed DbCommand (80ms) [Parameters=[@__email_0='?' (Size = 1000)], CommandType='Text', CommandTimeout='30']
      SELECT TOP(1) [c].[Id], [c].[Active], [c].[AdminComment], [c].[AffiliateId], [c].[BillingAddress_Id], [c].[CannotLoginUntilDateUtc], [c].[CreatedOnUtc], [c].[CustomerGuid], [c].[Deleted], [c].[Email], [c].[EmailToRevalidate], [c].[FailedLoginAttempts], [c].[HasShoppingCartItems], [c].[IsSystemAccount], [c].[IsTaxExempt], [c].[LastActivityDateUtc], [c].[LastIpAddress], [c].[LastLoginDateUtc], [c].[RegisteredInStoreId], [c].[RequireReLogin], [c].[ShippingAddress_Id], [c].[SystemName], [c].[Username], [c].[VendorId]
      FROM [Customer] AS [c]
      WHERE [c].[Email] = @__email_0
      ORDER BY [c].[Id]
info: Microsoft.EntityFrameworkCore.Database.Command[20101]
      Executed DbCommand (194ms) [Parameters=[@__get_Item_0='?' (DbType = Int32)], CommandType='Text', CommandTimeout='30']
      SELECT [e].[Customer_Id], [e].[CustomerRole_Id]
      FROM [Customer_CustomerRole_Mapping] AS [e]
      WHERE [e].[Customer_Id] = @__get_Item_0
info: Microsoft.EntityFrameworkCore.Database.Command[20101]
      Executed DbCommand (198ms) [Parameters=[@__get_Item_0='?' (DbType = Int32)], CommandType='Text', CommandTimeout='30']
      SELECT [e].[Id], [e].[Active], [e].[DefaultTaxDisplayTypeId], [e].[EnablePasswordLifetime], [e].[FreeShipping], [e].[IsSystemRole], [e].[Name], [e].[OverrideTaxDisplayType], [e].[PurchasedWithProductId], [e].[SystemName], [e].[TaxExempt]
      FROM [CustomerRole] AS [e]
      WHERE [e].[Id] = @__get_Item_0
info: Microsoft.EntityFrameworkCore.Database.Command[20101]
      Executed DbCommand (149ms) [Parameters=[@__get_Item_0='?' (DbType = Int32)], CommandType='Text', CommandTimeout='30']
      SELECT [e].[Id], [e].[Active], [e].[DefaultTaxDisplayTypeId], [e].[EnablePasswordLifetime], [e].[FreeShipping], [e].[IsSystemRole], [e].[Name], [e].[OverrideTaxDisplayType], [e].[PurchasedWithProductId], [e].[SystemName], [e].[TaxExempt]
      FROM [CustomerRole] AS [e]
      WHERE [e].[Id] = @__get_Item_0
info: Microsoft.EntityFrameworkCore.Database.Command[20101]
      Executed DbCommand (283ms) [Parameters=[@__get_Item_0='?' (DbType = Int32)], CommandType='Text', CommandTimeout='30']
      SELECT [e].[Id], [e].[Active], [e].[DefaultTaxDisplayTypeId], [e].[EnablePasswordLifetime], [e].[FreeShipping], [e].[IsSystemRole], [e].[Name], [e].[OverrideTaxDisplayType], [e].[PurchasedWithProductId], [e].[SystemName], [e].[TaxExempt]
      FROM [CustomerRole] AS [e]
      WHERE [e].[Id] = @__get_Item_0
info: Microsoft.EntityFrameworkCore.Database.Command[20101]
      Executed DbCommand (15ms) [Parameters=[@__entityId_0='?' (DbType = Int32), @__keyGroup_1='?' (Size = 400)], CommandType='Text', CommandTimeout='30']
      SELECT [ga].[Id], [ga].[EntityId], [ga].[Key], [ga].[KeyGroup], [ga].[StoreId], [ga].[Value]
      FROM [GenericAttribute] AS [ga]
      WHERE ([ga].[EntityId] = @__entityId_0) AND ([ga].[KeyGroup] = @__keyGroup_1)
info: Microsoft.EntityFrameworkCore.Database.Command[20101]
      Executed DbCommand (1,051ms) [Parameters=[], CommandType='Text', CommandTimeout='30']
      SELECT [l].[Id], [l].[DefaultCurrencyId], [l].[DisplayOrder], [l].[FlagImageFileName], [l].[LanguageCulture], [l].[LimitedToStores], [l].[Name], [l].[Published], [l].[Rtl], [l].[UniqueSeoCode]
      FROM [Language] AS [l]
      WHERE [l].[Published] = 1
      ORDER BY [l].[DisplayOrder], [l].[Id]
info: Microsoft.AspNetCore.Mvc.Internal.ControllerActionInvoker[1]
      Route matched with {action = "Index", controller = "Home", area = ""}. Executing action Nop.Web.Controllers.HomeController.Index (Nop.Web)
info: Microsoft.EntityFrameworkCore.Database.Command[20101]
      Executed DbCommand (403ms) [Parameters=[@__customerRoleId_0='?' (DbType = Int32)], CommandType='Text', CommandTimeout='30']
      SELECT [pr].[Id], [pr].[Category], [pr].[Name], [pr].[SystemName]
      FROM [PermissionRecord] AS [pr]
      INNER JOIN [PermissionRecord_Role_Mapping] AS [prcrm] ON [pr].[Id] = [prcrm].[PermissionRecord_Id]
      WHERE [prcrm].[CustomerRole_Id] = @__customerRoleId_0
      ORDER BY [pr].[Id]
info: Microsoft.EntityFrameworkCore.Database.Command[20101]
      Executed DbCommand (992ms) [Parameters=[@p23='?' (DbType = Int32), @p0='?' (DbType = Boolean), @p1='?' (Size = 4000), @p2='?' (DbType = Int32), @p3='?' (DbType = Int32), @p4='?' (DbType = DateTime2), @p5='?' (DbType = DateTime2), @p6='?' (DbType = Guid), @p7='?' (DbType = Boolean), @p8='?' (Size = 1000), @p9='?' (Size = 1000), @p10='?' (DbType = Int32), @p11='?' (DbType = Boolean), @p12='?' (DbType = Boolean), @p13='?' (DbType = Boolean), @p14='?' (DbType = DateTime2), @p15='?' (Size = 4000), @p16='?' (DbType = DateTime2), @p17='?' (DbType = Int32), @p18='?' (DbType = Boolean), @p19='?' (DbType = Int32), @p20='?' (Size = 400), @p21='?' (Size = 1000), @p22='?' (DbType = Int32)], CommandType='Text', CommandTimeout='30']
      SET NOCOUNT ON;
      UPDATE [Customer] SET [Active] = @p0, [AdminComment] = @p1, [AffiliateId] = @p2, [BillingAddress_Id] = @p3, [CannotLoginUntilDateUtc] = @p4, [CreatedOnUtc] = @p5, [CustomerGuid] = @p6, [Deleted] = @p7, [Email] = @p8, [EmailToRevalidate] = @p9, [FailedLoginAttempts] = @p10, [HasShoppingCartItems] = @p11, [IsSystemAccount] = @p12, [IsTaxExempt] = @p13, [LastActivityDateUtc] = @p14, [LastIpAddress] = @p15, [LastLoginDateUtc] = @p16, [RegisteredInStoreId] = @p17, [RequireReLogin] = @p18, [ShippingAddress_Id] = @p19, [SystemName] = @p20, [Username] = @p21, [VendorId] = @p22
      WHERE [Id] = @p23;
      SELECT @@ROWCOUNT;
info: Microsoft.AspNetCore.Mvc.Internal.ControllerActionInvoker[1]
      Executing action method Nop.Web.Controllers.HomeController.Index (Nop.Web) - Validation state: Valid
info: Microsoft.AspNetCore.Mvc.Internal.ControllerActionInvoker[2]
      Executed action method Nop.Web.Controllers.HomeController.Index (Nop.Web), returned result Microsoft.AspNetCore.Mvc.ViewResult in 17.0405ms.
info: Microsoft.EntityFrameworkCore.Infrastructure[10403]
      Entity Framework Core 2.1.1-rtm-30846 initialized 'NopObjectContext' using provider 'Microsoft.EntityFrameworkCore.SqlServer' with options: using lazy-loading proxies 
info: Microsoft.EntityFrameworkCore.Database.Command[20101]
      Executed DbCommand (283ms) [Parameters=[@p0='?' (DbType = DateTime2), @p1='?' (DbType = Int32), @p2='?' (Size = 4000), @p3='?' (Size = 200), @p4='?' (DbType = Int32), @p5='?' (Size = 4000), @p6='?' (Size = 4000), @p7='?' (Size = 4000)], CommandType='Text', CommandTimeout='30']
      SET NOCOUNT ON;
      INSERT INTO [Log] ([CreatedOnUtc], [CustomerId], [FullMessage], [IpAddress], [LogLevelId], [PageUrl], [ReferrerUrl], [ShortMessage])
      VALUES (@p0, @p1, @p2, @p3, @p4, @p5, @p6, @p7);
      SELECT [Id]
      FROM [Log]
      WHERE @@ROWCOUNT = 1 AND [Id] = scope_identity();
info: Microsoft.AspNetCore.Mvc.ViewFeatures.ViewResultExecutor[1]
      Executing ViewResult, running view Index.
info: Microsoft.EntityFrameworkCore.Database.Command[20101]
      Executed DbCommand (58ms) [Parameters=[@__systemName_0='?' (Size = 4000)], CommandType='Text', CommandTimeout='30']
      SELECT [t].[Id], [t].[AccessibleWhenStoreClosed], [t].[Body], [t].[DisplayOrder], [t].[IncludeInFooterColumn1], [t].[IncludeInFooterColumn2], [t].[IncludeInFooterColumn3], [t].[IncludeInSitemap], [t].[IncludeInTopMenu], [t].[IsPasswordProtected], [t].[LimitedToStores], [t].[MetaDescription], [t].[MetaKeywords], [t].[MetaTitle], [t].[Password], [t].[Published], [t].[SubjectToAcl], [t].[SystemName], [t].[Title], [t].[TopicTemplateId]
      FROM [Topic] AS [t]
      WHERE ([t].[SystemName] = @__systemName_0) AND ([t].[Published] = 1)
      ORDER BY [t].[Id]
info: Microsoft.EntityFrameworkCore.Database.Command[20101]
      Executed DbCommand (806ms) [Parameters=[], CommandType='Text', CommandTimeout='30']
      SELECT [p].[Id], [p].[AdditionalShippingCharge], [p].[AdminComment], [p].[AllowAddingOnlyExistingAttributeCombinations], [p].[AllowBackInStockSubscriptions], [p].[AllowCustomerReviews], [p].[AllowedQuantities], [p].[ApprovedRatingSum], [p].[ApprovedTotalReviews], [p].[AutomaticallyAddRequiredProducts], [p].[AvailableEndDateTimeUtc], [p].[AvailableForPreOrder], [p].[AvailableStartDateTimeUtc], [p].[BackorderModeId], [p].[BasepriceAmount], [p].[BasepriceBaseAmount], [p].[BasepriceBaseUnitId], [p].[BasepriceEnabled], [p].[BasepriceUnitId], [p].[CallForPrice], [p].[CreatedOnUtc], [p].[CustomerEntersPrice], [p].[Deleted], [p].[DeliveryDateId], [p].[DisableBuyButton], [p].[DisableWishlistButton], [p].[DisplayOrder], [p].[DisplayStockAvailability], [p].[DisplayStockQuantity], [p].[DownloadActivationTypeId], [p].[DownloadExpirationDays], [p].[DownloadId], [p].[FullDescription], [p].[GiftCardTypeId], [p].[Gtin], [p].[HasDiscountsApplied], [p].[HasSampleDownload], [p].[HasTierPrices], [p].[HasUserAgreement], [p].[Height], [p].[IsDownload], [p].[IsFreeShipping], [p].[IsGiftCard], [p].[IsRecurring], [p].[IsRental], [p].[IsShipEnabled], [p].[IsTaxExempt], [p].[IsTelecommunicationsOrBroadcastingOrElectronicServices], [p].[Length], [p].[LimitedToStores], [p].[LowStockActivityId], [p].[ManageInventoryMethodId], [p].[ManufacturerPartNumber], [p].[MarkAsNew], [p].[MarkAsNewEndDateTimeUtc], [p].[MarkAsNewStartDateTimeUtc], [p].[MaxNumberOfDownloads], [p].[MaximumCustomerEnteredPrice], [p].[MetaDescription], [p].[MetaKeywords], [p].[MetaTitle], [p].[MinStockQuantity], [p].[MinimumCustomerEnteredPrice], [p].[Name], [p].[NotApprovedRatingSum], [p].[NotApprovedTotalReviews], [p].[NotReturnable], [p].[NotifyAdminForQuantityBelow], [p].[OldPrice], [p].[OrderMaximumQuantity], [p].[OrderMinimumQuantity], [p].[OverriddenGiftCardAmount], [p].[ParentGroupedProductId], [p].[PreOrderAvailabilityStartDateTimeUtc], [p].[Price], [p].[ProductAvailabilityRangeId], [p].[ProductCost], [p].[ProductTemplateId], [p].[ProductTypeId], [p].[Published], [p].[RecurringCycleLength], [p].[RecurringCyclePeriodId], [p].[RecurringTotalCycles], [p].[RentalPriceLength], [p].[RentalPricePeriodId], [p].[RequireOtherProducts], [p].[RequiredProductIds], [p].[SampleDownloadId], [p].[ShipSeparately], [p].[ShortDescription], [p].[ShowOnHomePage], [p].[Sku], [p].[StockQuantity], [p].[SubjectToAcl], [p].[TaxCategoryId], [p].[UnlimitedDownloads], [p].[UpdatedOnUtc], [p].[UseMultipleWarehouses], [p].[UserAgreementText], [p].[VendorId], [p].[VisibleIndividually], [p].[WarehouseId], [p].[Weight], [p].[Width]
      FROM [Product] AS [p]
      WHERE (([p].[Published] = 1) AND ([p].[Deleted] = 0)) AND ([p].[ShowOnHomePage] = 1)
      ORDER BY [p].[DisplayOrder], [p].[Id]
info: Microsoft.EntityFrameworkCore.Database.Command[20101]
      Executed DbCommand (132ms) [Parameters=[@__entityId_0='?' (DbType = Int32), @__entityName_1='?' (Size = 400), @__languageId_2='?' (DbType = Int32)], CommandType='Text', CommandTimeout='30']
      SELECT TOP(1) [ur].[Slug]
      FROM [UrlRecord] AS [ur]
      WHERE ((([ur].[EntityId] = @__entityId_0) AND ([ur].[EntityName] = @__entityName_1)) AND ([ur].[LanguageId] = @__languageId_2)) AND ([ur].[IsActive] = 1)
      ORDER BY [ur].[Id] DESC
info: Microsoft.EntityFrameworkCore.Database.Command[20101]
      Executed DbCommand (179ms) [Parameters=[@__customerRoleId_0='?' (DbType = Int32)], CommandType='Text', CommandTimeout='30']
      SELECT [pr].[Id], [pr].[Category], [pr].[Name], [pr].[SystemName]
      FROM [PermissionRecord] AS [pr]
      INNER JOIN [PermissionRecord_Role_Mapping] AS [prcrm] ON [pr].[Id] = [prcrm].[PermissionRecord_Id]
      WHERE [prcrm].[CustomerRole_Id] = @__customerRoleId_0
      ORDER BY [pr].[Id]
info: Microsoft.EntityFrameworkCore.Database.Command[20101]
      Executed DbCommand (3ms) [Parameters=[@__customerRoleId_0='?' (DbType = Int32)], CommandType='Text', CommandTimeout='30']
      SELECT [pr].[Id], [pr].[Category], [pr].[Name], [pr].[SystemName]
      FROM [PermissionRecord] AS [pr]
      INNER JOIN [PermissionRecord_Role_Mapping] AS [prcrm] ON [pr].[Id] = [prcrm].[PermissionRecord_Id]
      WHERE [prcrm].[CustomerRole_Id] = @__customerRoleId_0
      ORDER BY [pr].[Id]
info: Microsoft.EntityFrameworkCore.Database.Command[20101]
      Executed DbCommand (184ms) [Parameters=[@__p_1='?' (DbType = Int32), @__productId_0='?' (DbType = Int32)], CommandType='Text', CommandTimeout='30']
      SELECT TOP(@__p_1) [p].[Id], [p].[AltAttribute], [p].[IsNew], [p].[MimeType], [p].[SeoFilename], [p].[TitleAttribute]
      FROM [Picture] AS [p]
      INNER JOIN [Product_Picture_Mapping] AS [pp] ON [p].[Id] = [pp].[PictureId]
      WHERE [pp].[ProductId] = @__productId_0
      ORDER BY [pp].[DisplayOrder], [pp].[Id]
info: Microsoft.EntityFrameworkCore.Database.Command[20101]
      Executed DbCommand (25,998ms) [Parameters=[@__languageId_0='?' (DbType = Int32), @__AdminLocaleStringResourcesPrefix_1='?' (Size = 200)], CommandType='Text', CommandTimeout='30']
      SELECT [l].[Id], [l].[LanguageId], [l].[ResourceName], [l].[ResourceValue]
      FROM [LocaleStringResource] AS [l]
      WHERE ([l].[LanguageId] = @__languageId_0) AND ((NOT ([l].[ResourceName] LIKE @__AdminLocaleStringResourcesPrefix_1 + N'%') OR (LEFT([l].[ResourceName], LEN(@__AdminLocaleStringResourcesPrefix_1)) <> @__AdminLocaleStringResourcesPrefix_1)) AND (@__AdminLocaleStringResourcesPrefix_1 <> N''))
      ORDER BY [l].[ResourceName]
info: Microsoft.EntityFrameworkCore.Database.Command[20101]
      Executed DbCommand (8ms) [Parameters=[@__entityId_0='?' (DbType = Int32), @__entityName_1='?' (Size = 400), @__languageId_2='?' (DbType = Int32)], CommandType='Text', CommandTimeout='30']
      SELECT TOP(1) [ur].[Slug]
      FROM [UrlRecord] AS [ur]
      WHERE ((([ur].[EntityId] = @__entityId_0) AND ([ur].[EntityName] = @__entityName_1)) AND ([ur].[LanguageId] = @__languageId_2)) AND ([ur].[IsActive] = 1)
      ORDER BY [ur].[Id] DESC
info: Microsoft.EntityFrameworkCore.Database.Command[20101]
      Executed DbCommand (201ms) [Parameters=[@__p_1='?' (DbType = Int32), @__productId_0='?' (DbType = Int32)], CommandType='Text', CommandTimeout='30']
      SELECT TOP(@__p_1) [p].[Id], [p].[AltAttribute], [p].[IsNew], [p].[MimeType], [p].[SeoFilename], [p].[TitleAttribute]
      FROM [Picture] AS [p]
      INNER JOIN [Product_Picture_Mapping] AS [pp] ON [p].[Id] = [pp].[PictureId]
      WHERE [pp].[ProductId] = @__productId_0
      ORDER BY [pp].[DisplayOrder], [pp].[Id]
info: Microsoft.EntityFrameworkCore.Database.Command[20101]
      Executed DbCommand (539ms) [Parameters=[@__get_Item_0='?' (DbType = Int32)], CommandType='Text', CommandTimeout='30']
      SELECT [e].[Id], [e].[BinaryData], [e].[PictureId]
      FROM [PictureBinary] AS [e]
      WHERE [e].[PictureId] = @__get_Item_0
info: Microsoft.EntityFrameworkCore.Database.Command[20101]
      Executed DbCommand (384ms) [Parameters=[@__languageId_0='?' (DbType = Int32), @__utcNow_1='?' (DbType = DateTime2), @__utcNow_2='?' (DbType = DateTime2)], CommandType='Text', CommandTimeout='30']
      SELECT COUNT(*)
      FROM [News] AS [n]
      WHERE (((@__languageId_0 = [n].[LanguageId]) AND ([n].[Published] = 1)) AND ([n].[StartDateUtc] IS NULL OR ([n].[StartDateUtc] <= @__utcNow_1))) AND ([n].[EndDateUtc] IS NULL OR ([n].[EndDateUtc] >= @__utcNow_2))
info: Microsoft.EntityFrameworkCore.Database.Command[20101]
      Executed DbCommand (13ms) [Parameters=[@__languageId_0='?' (DbType = Int32), @__utcNow_1='?' (DbType = DateTime2), @__utcNow_2='?' (DbType = DateTime2), @__p_3='?' (DbType = Int32), @__p_4='?' (DbType = Int32)], CommandType='Text', CommandTimeout='30']
      SELECT [n].[Id], [n].[AllowComments], [n].[CreatedOnUtc], [n].[EndDateUtc], [n].[Full], [n].[LanguageId], [n].[LimitedToStores], [n].[MetaDescription], [n].[MetaKeywords], [n].[MetaTitle], [n].[Published], [n].[Short], [n].[StartDateUtc], [n].[Title]
      FROM [News] AS [n]
      WHERE (((@__languageId_0 = [n].[LanguageId]) AND ([n].[Published] = 1)) AND ([n].[StartDateUtc] IS NULL OR ([n].[StartDateUtc] <= @__utcNow_1))) AND ([n].[EndDateUtc] IS NULL OR ([n].[EndDateUtc] >= @__utcNow_2))
      ORDER BY COALESCE([n].[StartDateUtc], [n].[CreatedOnUtc]) DESC
      OFFSET @__p_3 ROWS FETCH NEXT @__p_4 ROWS ONLY
info: Microsoft.EntityFrameworkCore.Database.Command[20101]
      Executed DbCommand (19ms) [Parameters=[@__utcNow_0='?' (DbType = DateTime2), @__utcNow_1='?' (DbType = DateTime2), @__languageId_2='?' (DbType = Int32)], CommandType='Text', CommandTimeout='30']
      SELECT COUNT(*)
      FROM [Poll] AS [poll]
      WHERE (((([poll].[Published] = 1) AND ([poll].[StartDateUtc] IS NULL OR ([poll].[StartDateUtc] <= @__utcNow_0))) AND ([poll].[EndDateUtc] IS NULL OR ([poll].[EndDateUtc] >= @__utcNow_1))) AND ([poll].[ShowOnHomePage] = 1)) AND ([poll].[LanguageId] = @__languageId_2)
info: Microsoft.EntityFrameworkCore.Database.Command[20101]
      Executed DbCommand (42ms) [Parameters=[@__utcNow_0='?' (DbType = DateTime2), @__utcNow_1='?' (DbType = DateTime2), @__languageId_2='?' (DbType = Int32), @__p_3='?' (DbType = Int32), @__p_4='?' (DbType = Int32)], CommandType='Text', CommandTimeout='30']
      SELECT [poll].[Id], [poll].[AllowGuestsToVote], [poll].[DisplayOrder], [poll].[EndDateUtc], [poll].[LanguageId], [poll].[LimitedToStores], [poll].[Name], [poll].[Published], [poll].[ShowOnHomePage], [poll].[StartDateUtc], [poll].[SystemKeyword]
      FROM [Poll] AS [poll]
      WHERE (((([poll].[Published] = 1) AND ([poll].[StartDateUtc] IS NULL OR ([poll].[StartDateUtc] <= @__utcNow_0))) AND ([poll].[EndDateUtc] IS NULL OR ([poll].[EndDateUtc] >= @__utcNow_1))) AND ([poll].[ShowOnHomePage] = 1)) AND ([poll].[LanguageId] = @__languageId_2)
      ORDER BY [poll].[DisplayOrder], [poll].[Id]
      OFFSET @__p_3 ROWS FETCH NEXT @__p_4 ROWS ONLY
info: Microsoft.EntityFrameworkCore.Infrastructure[10403]
      Entity Framework Core 2.1.1-rtm-30846 initialized 'NopObjectContext' using provider 'Microsoft.EntityFrameworkCore.SqlServer' with options: using lazy-loading proxies 
info: Microsoft.EntityFrameworkCore.Database.Command[20101]
      Executed DbCommand (59ms) [Parameters=[@p0='?' (DbType = DateTime2), @p1='?' (DbType = Int32), @p2='?' (Size = 4000), @p3='?' (Size = 200), @p4='?' (DbType = Int32), @p5='?' (Size = 4000), @p6='?' (Size = 4000), @p7='?' (Size = 4000)], CommandType='Text', CommandTimeout='30']
      SET NOCOUNT ON;
      INSERT INTO [Log] ([CreatedOnUtc], [CustomerId], [FullMessage], [IpAddress], [LogLevelId], [PageUrl], [ReferrerUrl], [ShortMessage])
      VALUES (@p0, @p1, @p2, @p3, @p4, @p5, @p6, @p7);
      SELECT [Id]
      FROM [Log]
      WHERE @@ROWCOUNT = 1 AND [Id] = scope_identity();
info: Microsoft.EntityFrameworkCore.Database.Command[20101]
      Executed DbCommand (123ms) [Parameters=[@__get_Item_0='?' (DbType = Int32)], CommandType='Text', CommandTimeout='30']
      SELECT [e].[Id], [e].[AttributesXml], [e].[CreatedOnUtc], [e].[CustomerEnteredPrice], [e].[CustomerId], [e].[ProductId], [e].[Quantity], [e].[RentalEndDateUtc], [e].[RentalStartDateUtc], [e].[ShoppingCartTypeId], [e].[StoreId], [e].[UpdatedOnUtc]
      FROM [ShoppingCartItem] AS [e]
      WHERE [e].[CustomerId] = @__get_Item_0
info: Microsoft.EntityFrameworkCore.Database.Command[20101]
      Executed DbCommand (345ms) [Parameters=[], CommandType='Text', CommandTimeout='30']
      SELECT [c].[Id], [c].[CreatedOnUtc], [c].[CurrencyCode], [c].[CustomFormatting], [c].[DisplayLocale], [c].[DisplayOrder], [c].[LimitedToStores], [c].[Name], [c].[Published], [c].[Rate], [c].[RoundingTypeId], [c].[UpdatedOnUtc]
      FROM [Currency] AS [c]
      WHERE [c].[Published] = 1
      ORDER BY [c].[DisplayOrder], [c].[Id]
info: Microsoft.EntityFrameworkCore.Database.Command[20101]
      Executed DbCommand (2,443ms) [Parameters=[ShowHidden='?' (DbType = Boolean), Name='?', StoreId='?' (DbType = Int32), CustomerRoleIds='?', PageIndex='?' (DbType = Int32), PageSize='?' (DbType = Int32), TotalRecords='?' (Direction = Output) (DbType = Int32)], CommandType='Text', CommandTimeout='30']
      CategoryLoadAllPaged @ShowHidden, @Name, @StoreId, @CustomerRoleIds, @PageIndex, @PageSize, @TotalRecords output
info: Microsoft.EntityFrameworkCore.Database.Command[20101]
      Executed DbCommand (69ms) [Parameters=[@__entityId_0='?' (DbType = Int32), @__entityName_1='?' (Size = 400), @__languageId_2='?' (DbType = Int32)], CommandType='Text', CommandTimeout='30']
      SELECT TOP(1) [ur].[Slug]
      FROM [UrlRecord] AS [ur]
      WHERE ((([ur].[EntityId] = @__entityId_0) AND ([ur].[EntityName] = @__entityName_1)) AND ([ur].[LanguageId] = @__languageId_2)) AND ([ur].[IsActive] = 1)
      ORDER BY [ur].[Id] DESC
info: Microsoft.EntityFrameworkCore.Database.Command[20101]
      Executed DbCommand (15ms) [Parameters=[@__entityId_0='?' (DbType = Int32), @__entityName_1='?' (Size = 400), @__languageId_2='?' (DbType = Int32)], CommandType='Text', CommandTimeout='30']
      SELECT TOP(1) [ur].[Slug]
      FROM [UrlRecord] AS [ur]
      WHERE ((([ur].[EntityId] = @__entityId_0) AND ([ur].[EntityName] = @__entityName_1)) AND ([ur].[LanguageId] = @__languageId_2)) AND ([ur].[IsActive] = 1)
      ORDER BY [ur].[Id] DESC
info: Microsoft.EntityFrameworkCore.Database.Command[20101]
      Executed DbCommand (2ms) [Parameters=[@__entityId_0='?' (DbType = Int32), @__entityName_1='?' (Size = 400), @__languageId_2='?' (DbType = Int32)], CommandType='Text', CommandTimeout='30']
      SELECT TOP(1) [ur].[Slug]
      FROM [UrlRecord] AS [ur]
      WHERE ((([ur].[EntityId] = @__entityId_0) AND ([ur].[EntityName] = @__entityName_1)) AND ([ur].[LanguageId] = @__languageId_2)) AND ([ur].[IsActive] = 1)
      ORDER BY [ur].[Id] DESC
info: Microsoft.EntityFrameworkCore.Database.Command[20101]
      Executed DbCommand (12ms) [Parameters=[@__entityId_0='?' (DbType = Int32), @__entityName_1='?' (Size = 400), @__languageId_2='?' (DbType = Int32)], CommandType='Text', CommandTimeout='30']
      SELECT TOP(1) [ur].[Slug]
      FROM [UrlRecord] AS [ur]
      WHERE ((([ur].[EntityId] = @__entityId_0) AND ([ur].[EntityName] = @__entityName_1)) AND ([ur].[LanguageId] = @__languageId_2)) AND ([ur].[IsActive] = 1)
      ORDER BY [ur].[Id] DESC
info: Microsoft.EntityFrameworkCore.Database.Command[20101]
      Executed DbCommand (182ms) [Parameters=[], CommandType='Text', CommandTimeout='30']
      SELECT [t].[Id], [t].[AccessibleWhenStoreClosed], [t].[Body], [t].[DisplayOrder], [t].[IncludeInFooterColumn1], [t].[IncludeInFooterColumn2], [t].[IncludeInFooterColumn3], [t].[IncludeInSitemap], [t].[IncludeInTopMenu], [t].[IsPasswordProtected], [t].[LimitedToStores], [t].[MetaDescription], [t].[MetaKeywords], [t].[MetaTitle], [t].[Password], [t].[Published], [t].[SubjectToAcl], [t].[SystemName], [t].[Title], [t].[TopicTemplateId]
      FROM [Topic] AS [t]
      WHERE [t].[Published] = 1
      ORDER BY [t].[DisplayOrder], [t].[SystemName]
info: Microsoft.EntityFrameworkCore.Infrastructure[10403]
      Entity Framework Core 2.1.1-rtm-30846 initialized 'NopObjectContext' using provider 'Microsoft.EntityFrameworkCore.SqlServer' with options: using lazy-loading proxies 
info: Microsoft.EntityFrameworkCore.Database.Command[20101]
      Executed DbCommand (731ms) [Parameters=[@p0='?' (DbType = DateTime2), @p1='?' (DbType = Int32), @p2='?' (Size = 4000), @p3='?' (Size = 200), @p4='?' (DbType = Int32), @p5='?' (Size = 4000), @p6='?' (Size = 4000), @p7='?' (Size = 4000)], CommandType='Text', CommandTimeout='30']
      SET NOCOUNT ON;
      INSERT INTO [Log] ([CreatedOnUtc], [CustomerId], [FullMessage], [IpAddress], [LogLevelId], [PageUrl], [ReferrerUrl], [ShortMessage])
      VALUES (@p0, @p1, @p2, @p3, @p4, @p5, @p6, @p7);
      SELECT [Id]
      FROM [Log]
      WHERE @@ROWCOUNT = 1 AND [Id] = scope_identity();
info: Microsoft.AspNetCore.Mvc.ViewFeatures.ViewResultExecutor[4]
      Executed ViewResult - view Index executed in 169398.6439ms.
info: Microsoft.AspNetCore.Mvc.Internal.ControllerActionInvoker[2]
      Executed action Nop.Web.Controllers.HomeController.Index (Nop.Web) in 173507.6418ms
info: Microsoft.AspNetCore.Hosting.Internal.WebHost[1]
      Request starting HTTP/1.1 GET http://localhost:15536/Themes/Flexo/Content/images/logo.png  
warn: Microsoft.AspNetCore.Localization.RequestLocalizationMiddleware[1]
      AcceptLanguageHeaderRequestCultureProvider returned the following unsupported cultures 'es, en-AU, en'.
info: Microsoft.AspNetCore.Hosting.Internal.WebHost[2]
      Request finished in 205796.5766ms 200 text/html; charset=utf-8
warn: Microsoft.AspNetCore.Localization.RequestLocalizationMiddleware[2]
      AcceptLanguageHeaderRequestCultureProvider returned the following unsupported UI Cultures 'es, en-AU, en'.
info: Microsoft.AspNetCore.Hosting.Internal.WebHost[2]
      Request finished in 2191.7701ms 404 
info: Microsoft.AspNetCore.Hosting.Internal.WebHost[1]
      Request starting HTTP/1.1 GET http://localhost:15536/  
warn: Microsoft.AspNetCore.Localization.RequestLocalizationMiddleware[1]
      AcceptLanguageHeaderRequestCultureProvider returned the following unsupported cultures 'es, en-AU, en'.
warn: Microsoft.AspNetCore.Localization.RequestLocalizationMiddleware[2]
      AcceptLanguageHeaderRequestCultureProvider returned the following unsupported UI Cultures 'es, en-AU, en'.
info: Microsoft.EntityFrameworkCore.Infrastructure[10403]
      Entity Framework Core 2.1.1-rtm-30846 initialized 'NopObjectContext' using provider 'Microsoft.EntityFrameworkCore.SqlServer' with options: using lazy-loading proxies 
info: Microsoft.EntityFrameworkCore.Database.Command[20101]
      Executed DbCommand (79ms) [Parameters=[@__email_0='?' (Size = 1000)], CommandType='Text', CommandTimeout='30']
      SELECT TOP(1) [c].[Id], [c].[Active], [c].[AdminComment], [c].[AffiliateId], [c].[BillingAddress_Id], [c].[CannotLoginUntilDateUtc], [c].[CreatedOnUtc], [c].[CustomerGuid], [c].[Deleted], [c].[Email], [c].[EmailToRevalidate], [c].[FailedLoginAttempts], [c].[HasShoppingCartItems], [c].[IsSystemAccount], [c].[IsTaxExempt], [c].[LastActivityDateUtc], [c].[LastIpAddress], [c].[LastLoginDateUtc], [c].[RegisteredInStoreId], [c].[RequireReLogin], [c].[ShippingAddress_Id], [c].[SystemName], [c].[Username], [c].[VendorId]
      FROM [Customer] AS [c]
      WHERE [c].[Email] = @__email_0
      ORDER BY [c].[Id]
info: Microsoft.EntityFrameworkCore.Database.Command[20101]
      Executed DbCommand (200ms) [Parameters=[@__get_Item_0='?' (DbType = Int32)], CommandType='Text', CommandTimeout='30']
      SELECT [e].[Customer_Id], [e].[CustomerRole_Id]
      FROM [Customer_CustomerRole_Mapping] AS [e]
      WHERE [e].[Customer_Id] = @__get_Item_0
info: Microsoft.EntityFrameworkCore.Database.Command[20101]
      Executed DbCommand (17ms) [Parameters=[@__get_Item_0='?' (DbType = Int32)], CommandType='Text', CommandTimeout='30']
      SELECT [e].[Id], [e].[Active], [e].[DefaultTaxDisplayTypeId], [e].[EnablePasswordLifetime], [e].[FreeShipping], [e].[IsSystemRole], [e].[Name], [e].[OverrideTaxDisplayType], [e].[PurchasedWithProductId], [e].[SystemName], [e].[TaxExempt]
      FROM [CustomerRole] AS [e]
      WHERE [e].[Id] = @__get_Item_0
info: Microsoft.EntityFrameworkCore.Database.Command[20101]
      Executed DbCommand (175ms) [Parameters=[@__get_Item_0='?' (DbType = Int32)], CommandType='Text', CommandTimeout='30']
      SELECT [e].[Id], [e].[Active], [e].[DefaultTaxDisplayTypeId], [e].[EnablePasswordLifetime], [e].[FreeShipping], [e].[IsSystemRole], [e].[Name], [e].[OverrideTaxDisplayType], [e].[PurchasedWithProductId], [e].[SystemName], [e].[TaxExempt]
      FROM [CustomerRole] AS [e]
      WHERE [e].[Id] = @__get_Item_0
info: Microsoft.EntityFrameworkCore.Database.Command[20101]
      Executed DbCommand (6ms) [Parameters=[@__get_Item_0='?' (DbType = Int32)], CommandType='Text', CommandTimeout='30']
      SELECT [e].[Id], [e].[Active], [e].[DefaultTaxDisplayTypeId], [e].[EnablePasswordLifetime], [e].[FreeShipping], [e].[IsSystemRole], [e].[Name], [e].[OverrideTaxDisplayType], [e].[PurchasedWithProductId], [e].[SystemName], [e].[TaxExempt]
      FROM [CustomerRole] AS [e]
      WHERE [e].[Id] = @__get_Item_0
info: Microsoft.EntityFrameworkCore.Database.Command[20101]
      Executed DbCommand (100ms) [Parameters=[@__entityId_0='?' (DbType = Int32), @__keyGroup_1='?' (Size = 400)], CommandType='Text', CommandTimeout='30']
      SELECT [ga].[Id], [ga].[EntityId], [ga].[Key], [ga].[KeyGroup], [ga].[StoreId], [ga].[Value]
      FROM [GenericAttribute] AS [ga]
      WHERE ([ga].[EntityId] = @__entityId_0) AND ([ga].[KeyGroup] = @__keyGroup_1)
info: Microsoft.AspNetCore.Mvc.Internal.ControllerActionInvoker[1]
      Route matched with {action = "Index", controller = "Home", area = ""}. Executing action Nop.Web.Controllers.HomeController.Index (Nop.Web)
info: Microsoft.EntityFrameworkCore.Database.Command[20101]
      Executed DbCommand (385ms) [Parameters=[@p23='?' (DbType = Int32), @p0='?' (DbType = Boolean), @p1='?' (Size = 4000), @p2='?' (DbType = Int32), @p3='?' (DbType = Int32), @p4='?' (DbType = DateTime2), @p5='?' (DbType = DateTime2), @p6='?' (DbType = Guid), @p7='?' (DbType = Boolean), @p8='?' (Size = 1000), @p9='?' (Size = 1000), @p10='?' (DbType = Int32), @p11='?' (DbType = Boolean), @p12='?' (DbType = Boolean), @p13='?' (DbType = Boolean), @p14='?' (DbType = DateTime2), @p15='?' (Size = 4000), @p16='?' (DbType = DateTime2), @p17='?' (DbType = Int32), @p18='?' (DbType = Boolean), @p19='?' (DbType = Int32), @p20='?' (Size = 400), @p21='?' (Size = 1000), @p22='?' (DbType = Int32)], CommandType='Text', CommandTimeout='30']
      SET NOCOUNT ON;
      UPDATE [Customer] SET [Active] = @p0, [AdminComment] = @p1, [AffiliateId] = @p2, [BillingAddress_Id] = @p3, [CannotLoginUntilDateUtc] = @p4, [CreatedOnUtc] = @p5, [CustomerGuid] = @p6, [Deleted] = @p7, [Email] = @p8, [EmailToRevalidate] = @p9, [FailedLoginAttempts] = @p10, [HasShoppingCartItems] = @p11, [IsSystemAccount] = @p12, [IsTaxExempt] = @p13, [LastActivityDateUtc] = @p14, [LastIpAddress] = @p15, [LastLoginDateUtc] = @p16, [RegisteredInStoreId] = @p17, [RequireReLogin] = @p18, [ShippingAddress_Id] = @p19, [SystemName] = @p20, [Username] = @p21, [VendorId] = @p22
      WHERE [Id] = @p23;
      SELECT @@ROWCOUNT;
info: Microsoft.AspNetCore.Mvc.Internal.ControllerActionInvoker[1]
      Executing action method Nop.Web.Controllers.HomeController.Index (Nop.Web) - Validation state: Valid
info: Microsoft.AspNetCore.Mvc.Internal.ControllerActionInvoker[2]
      Executed action method Nop.Web.Controllers.HomeController.Index (Nop.Web), returned result Microsoft.AspNetCore.Mvc.ViewResult in 0.0718ms.
info: Microsoft.AspNetCore.Mvc.ViewFeatures.ViewResultExecutor[1]
      Executing ViewResult, running view Index.
info: Microsoft.EntityFrameworkCore.Database.Command[20101]
      Executed DbCommand (21ms) [Parameters=[@__systemName_0='?' (Size = 4000)], CommandType='Text', CommandTimeout='30']
      SELECT [t].[Id], [t].[AccessibleWhenStoreClosed], [t].[Body], [t].[DisplayOrder], [t].[IncludeInFooterColumn1], [t].[IncludeInFooterColumn2], [t].[IncludeInFooterColumn3], [t].[IncludeInSitemap], [t].[IncludeInTopMenu], [t].[IsPasswordProtected], [t].[LimitedToStores], [t].[MetaDescription], [t].[MetaKeywords], [t].[MetaTitle], [t].[Password], [t].[Published], [t].[SubjectToAcl], [t].[SystemName], [t].[Title], [t].[TopicTemplateId]
      FROM [Topic] AS [t]
      WHERE ([t].[SystemName] = @__systemName_0) AND ([t].[Published] = 1)
      ORDER BY [t].[Id]
info: Microsoft.EntityFrameworkCore.Database.Command[20101]
      Executed DbCommand (217ms) [Parameters=[], CommandType='Text', CommandTimeout='30']
      SELECT [p].[Id], [p].[AdditionalShippingCharge], [p].[AdminComment], [p].[AllowAddingOnlyExistingAttributeCombinations], [p].[AllowBackInStockSubscriptions], [p].[AllowCustomerReviews], [p].[AllowedQuantities], [p].[ApprovedRatingSum], [p].[ApprovedTotalReviews], [p].[AutomaticallyAddRequiredProducts], [p].[AvailableEndDateTimeUtc], [p].[AvailableForPreOrder], [p].[AvailableStartDateTimeUtc], [p].[BackorderModeId], [p].[BasepriceAmount], [p].[BasepriceBaseAmount], [p].[BasepriceBaseUnitId], [p].[BasepriceEnabled], [p].[BasepriceUnitId], [p].[CallForPrice], [p].[CreatedOnUtc], [p].[CustomerEntersPrice], [p].[Deleted], [p].[DeliveryDateId], [p].[DisableBuyButton], [p].[DisableWishlistButton], [p].[DisplayOrder], [p].[DisplayStockAvailability], [p].[DisplayStockQuantity], [p].[DownloadActivationTypeId], [p].[DownloadExpirationDays], [p].[DownloadId], [p].[FullDescription], [p].[GiftCardTypeId], [p].[Gtin], [p].[HasDiscountsApplied], [p].[HasSampleDownload], [p].[HasTierPrices], [p].[HasUserAgreement], [p].[Height], [p].[IsDownload], [p].[IsFreeShipping], [p].[IsGiftCard], [p].[IsRecurring], [p].[IsRental], [p].[IsShipEnabled], [p].[IsTaxExempt], [p].[IsTelecommunicationsOrBroadcastingOrElectronicServices], [p].[Length], [p].[LimitedToStores], [p].[LowStockActivityId], [p].[ManageInventoryMethodId], [p].[ManufacturerPartNumber], [p].[MarkAsNew], [p].[MarkAsNewEndDateTimeUtc], [p].[MarkAsNewStartDateTimeUtc], [p].[MaxNumberOfDownloads], [p].[MaximumCustomerEnteredPrice], [p].[MetaDescription], [p].[MetaKeywords], [p].[MetaTitle], [p].[MinStockQuantity], [p].[MinimumCustomerEnteredPrice], [p].[Name], [p].[NotApprovedRatingSum], [p].[NotApprovedTotalReviews], [p].[NotReturnable], [p].[NotifyAdminForQuantityBelow], [p].[OldPrice], [p].[OrderMaximumQuantity], [p].[OrderMinimumQuantity], [p].[OverriddenGiftCardAmount], [p].[ParentGroupedProductId], [p].[PreOrderAvailabilityStartDateTimeUtc], [p].[Price], [p].[ProductAvailabilityRangeId], [p].[ProductCost], [p].[ProductTemplateId], [p].[ProductTypeId], [p].[Published], [p].[RecurringCycleLength], [p].[RecurringCyclePeriodId], [p].[RecurringTotalCycles], [p].[RentalPriceLength], [p].[RentalPricePeriodId], [p].[RequireOtherProducts], [p].[RequiredProductIds], [p].[SampleDownloadId], [p].[ShipSeparately], [p].[ShortDescription], [p].[ShowOnHomePage], [p].[Sku], [p].[StockQuantity], [p].[SubjectToAcl], [p].[TaxCategoryId], [p].[UnlimitedDownloads], [p].[UpdatedOnUtc], [p].[UseMultipleWarehouses], [p].[UserAgreementText], [p].[VendorId], [p].[VisibleIndividually], [p].[WarehouseId], [p].[Weight], [p].[Width]
      FROM [Product] AS [p]
      WHERE (([p].[Published] = 1) AND ([p].[Deleted] = 0)) AND ([p].[ShowOnHomePage] = 1)
      ORDER BY [p].[DisplayOrder], [p].[Id]
info: Microsoft.EntityFrameworkCore.Database.Command[20101]
      Executed DbCommand (4ms) [Parameters=[@__get_Item_0='?' (DbType = Int32)], CommandType='Text', CommandTimeout='30']
      SELECT [e].[Discount_Id], [e].[Product_Id]
      FROM [Discount_AppliedToProducts] AS [e]
      WHERE [e].[Product_Id] = @__get_Item_0
info: Microsoft.EntityFrameworkCore.Database.Command[20101]
      Executed DbCommand (9ms) [Parameters=[@__get_Item_0='?' (DbType = Int32)], CommandType='Text', CommandTimeout='30']
      SELECT [e].[Discount_Id], [e].[Product_Id]
      FROM [Discount_AppliedToProducts] AS [e]
      WHERE [e].[Product_Id] = @__get_Item_0
info: Microsoft.EntityFrameworkCore.Database.Command[20101]
      Executed DbCommand (16ms) [Parameters=[@__get_Item_0='?' (DbType = Int32)], CommandType='Text', CommandTimeout='30']
      SELECT [e].[Id], [e].[AllowOutOfStockOrders], [e].[AttributesXml], [e].[Gtin], [e].[ManufacturerPartNumber], [e].[NotifyAdminForQuantityBelow], [e].[OverriddenPrice], [e].[PictureId], [e].[ProductId], [e].[Sku], [e].[StockQuantity]
      FROM [ProductAttributeCombination] AS [e]
      WHERE [e].[ProductId] = @__get_Item_0
info: Microsoft.EntityFrameworkCore.Database.Command[20101]
      Executed DbCommand (183ms) [Parameters=[@__get_Item_0='?' (DbType = Int32)], CommandType='Text', CommandTimeout='30']
      SELECT [e].[Id], [e].[AttributeControlTypeId], [e].[ConditionAttributeXml], [e].[DefaultValue], [e].[DisplayOrder], [e].[IsRequired], [e].[ProductAttributeId], [e].[ProductId], [e].[TextPrompt], [e].[ValidationFileAllowedExtensions], [e].[ValidationFileMaximumSize], [e].[ValidationMaxLength], [e].[ValidationMinLength]
      FROM [Product_ProductAttribute_Mapping] AS [e]
      WHERE [e].[ProductId] = @__get_Item_0
info: Microsoft.EntityFrameworkCore.Database.Command[20101]
      Executed DbCommand (41ms) [Parameters=[@__get_Item_0='?' (DbType = Int32)], CommandType='Text', CommandTimeout='30']
      SELECT [e].[Id], [e].[CategoryId], [e].[DisplayOrder], [e].[IsFeaturedProduct], [e].[ProductId]
      FROM [Product_Category_Mapping] AS [e]
      WHERE [e].[ProductId] = @__get_Item_0
info: Microsoft.EntityFrameworkCore.Database.Command[20101]
      Executed DbCommand (105ms) [Parameters=[@__get_Item_0='?' (DbType = Int32)], CommandType='Text', CommandTimeout='30']
      SELECT [e].[Id], [e].[DisplayOrder], [e].[IsFeaturedProduct], [e].[ManufacturerId], [e].[ProductId]
      FROM [Product_Manufacturer_Mapping] AS [e]
      WHERE [e].[ProductId] = @__get_Item_0
info: Microsoft.EntityFrameworkCore.Database.Command[20101]
      Executed DbCommand (172ms) [Parameters=[@__get_Item_0='?' (DbType = Int32)], CommandType='Text', CommandTimeout='30']
      SELECT [e].[Id], [e].[DisplayOrder], [e].[PictureId], [e].[ProductId]
      FROM [Product_Picture_Mapping] AS [e]
      WHERE [e].[ProductId] = @__get_Item_0
info: Microsoft.EntityFrameworkCore.Database.Command[20101]
      Executed DbCommand (830ms) [Parameters=[@__get_Item_0='?' (DbType = Int32)], CommandType='Text', CommandTimeout='30']
      SELECT [e].[Id], [e].[AttributesXml], [e].[CreatedOnUtc], [e].[CustomerEnteredPrice], [e].[CustomerId], [e].[ProductId], [e].[Quantity], [e].[RentalEndDateUtc], [e].[RentalStartDateUtc], [e].[ShoppingCartTypeId], [e].[StoreId], [e].[UpdatedOnUtc]
      FROM [ShoppingCartItem] AS [e]
      WHERE [e].[CustomerId] = @__get_Item_0
info: Microsoft.AspNetCore.Mvc.ViewFeatures.ViewResultExecutor[4]
      Executed ViewResult - view Index executed in 139707.7133ms.
info: Microsoft.AspNetCore.Mvc.Internal.ControllerActionInvoker[2]
      Executed action Nop.Web.Controllers.HomeController.Index (Nop.Web) in 140529.7261ms
info: Microsoft.AspNetCore.Hosting.Internal.WebHost[2]
      Request finished in 148588.5174ms 200 text/html; charset=utf-8
info: Microsoft.EntityFrameworkCore.Infrastructure[10403]
      Entity Framework Core 2.1.1-rtm-30846 initialized 'NopObjectContext' using provider 'Microsoft.EntityFrameworkCore.SqlServer' with options: using lazy-loading proxies 
info: Microsoft.AspNetCore.Hosting.Internal.WebHost[1]
      Request starting HTTP/1.1 GET http://localhost:15536/Themes/Flexo/Content/images/logo.png  
info: Microsoft.EntityFrameworkCore.Database.Command[20101]
      Executed DbCommand (595ms) [Parameters=[@p0='?' (DbType = DateTime2), @p1='?' (DbType = Int32), @p2='?' (Size = 4000), @p3='?' (Size = 200), @p4='?' (DbType = Int32), @p5='?' (Size = 4000), @p6='?' (Size = 4000), @p7='?' (Size = 4000)], CommandType='Text', CommandTimeout='30']
      SET NOCOUNT ON;
      INSERT INTO [Log] ([CreatedOnUtc], [CustomerId], [FullMessage], [IpAddress], [LogLevelId], [PageUrl], [ReferrerUrl], [ShortMessage])
      VALUES (@p0, @p1, @p2, @p3, @p4, @p5, @p6, @p7);
      SELECT [Id]
      FROM [Log]
      WHERE @@ROWCOUNT = 1 AND [Id] = scope_identity();
warn: Microsoft.AspNetCore.Localization.RequestLocalizationMiddleware[1]
      AcceptLanguageHeaderRequestCultureProvider returned the following unsupported cultures 'es, en-AU, en'.
info: Microsoft.EntityFrameworkCore.Infrastructure[10403]
      Entity Framework Core 2.1.1-rtm-30846 initialized 'NopObjectContext' using provider 'Microsoft.EntityFrameworkCore.SqlServer' with options: using lazy-loading proxies 
warn: Microsoft.AspNetCore.Localization.RequestLocalizationMiddleware[2]
      AcceptLanguageHeaderRequestCultureProvider returned the following unsupported UI Cultures 'es, en-AU, en'.
info: Microsoft.EntityFrameworkCore.Database.Command[20101]
      Executed DbCommand (267ms) [Parameters=[@p0='?' (DbType = DateTime2), @p1='?' (DbType = Int32), @p2='?' (Size = 4000), @p3='?' (Size = 200), @p4='?' (DbType = Int32), @p5='?' (Size = 4000), @p6='?' (Size = 4000), @p7='?' (Size = 4000)], CommandType='Text', CommandTimeout='30']
      SET NOCOUNT ON;
      INSERT INTO [Log] ([CreatedOnUtc], [CustomerId], [FullMessage], [IpAddress], [LogLevelId], [PageUrl], [ReferrerUrl], [ShortMessage])
      VALUES (@p0, @p1, @p2, @p3, @p4, @p5, @p6, @p7);
      SELECT [Id]
      FROM [Log]
      WHERE @@ROWCOUNT = 1 AND [Id] = scope_identity();
info: Microsoft.AspNetCore.Hosting.Internal.WebHost[2]
      Request finished in 3595.4663ms 404 
info: Microsoft.AspNetCore.Hosting.Internal.WebHost[1]
      Request starting HTTP/1.1 GET http://localhost:15536/favicon.ico  
info: Microsoft.AspNetCore.StaticFiles.StaticFileMiddleware[2]
      Sending file. Request path: '/favicon.ico'. Physical path: 'C:\Users\JSGG2\Desktop\ecommerce\nopCommerce_4.10_Source\Presentation\Nop.Web\wwwroot\favicon.ico'
info: Microsoft.AspNetCore.Hosting.Internal.WebHost[2]
      Request finished in 327.8621ms 200 image/x-icon
info: Microsoft.EntityFrameworkCore.Infrastructure[10403]
      Entity Framework Core 2.1.1-rtm-30846 initialized 'NopObjectContext' using provider 'Microsoft.EntityFrameworkCore.SqlServer' with options: using lazy-loading proxies 
info: Microsoft.EntityFrameworkCore.Database.Command[20101]
      Executed DbCommand (27ms) [Parameters=[@p0='?' (DbType = DateTime2), @p1='?' (DbType = Int32), @p2='?' (Size = 4000), @p3='?' (Size = 200), @p4='?' (DbType = Int32), @p5='?' (Size = 4000), @p6='?' (Size = 4000), @p7='?' (Size = 4000)], CommandType='Text', CommandTimeout='30']
      SET NOCOUNT ON;
      INSERT INTO [Log] ([CreatedOnUtc], [CustomerId], [FullMessage], [IpAddress], [LogLevelId], [PageUrl], [ReferrerUrl], [ShortMessage])
      VALUES (@p0, @p1, @p2, @p3, @p4, @p5, @p6, @p7);
      SELECT [Id]
      FROM [Log]
      WHERE @@ROWCOUNT = 1 AND [Id] = scope_identity();
info: Microsoft.AspNetCore.Hosting.Internal.WebHost[1]
      Request starting HTTP/1.1 GET http://localhost:15536/  
warn: Microsoft.AspNetCore.Localization.RequestLocalizationMiddleware[1]
      AcceptLanguageHeaderRequestCultureProvider returned the following unsupported cultures 'es, en-AU, en'.
warn: Microsoft.AspNetCore.Localization.RequestLocalizationMiddleware[2]
      AcceptLanguageHeaderRequestCultureProvider returned the following unsupported UI Cultures 'es, en-AU, en'.
info: Microsoft.EntityFrameworkCore.Infrastructure[10403]
      Entity Framework Core 2.1.1-rtm-30846 initialized 'NopObjectContext' using provider 'Microsoft.EntityFrameworkCore.SqlServer' with options: using lazy-loading proxies 
info: Microsoft.EntityFrameworkCore.Database.Command[20101]
      Executed DbCommand (35ms) [Parameters=[@__email_0='?' (Size = 1000)], CommandType='Text', CommandTimeout='30']
      SELECT TOP(1) [c].[Id], [c].[Active], [c].[AdminComment], [c].[AffiliateId], [c].[BillingAddress_Id], [c].[CannotLoginUntilDateUtc], [c].[CreatedOnUtc], [c].[CustomerGuid], [c].[Deleted], [c].[Email], [c].[EmailToRevalidate], [c].[FailedLoginAttempts], [c].[HasShoppingCartItems], [c].[IsSystemAccount], [c].[IsTaxExempt], [c].[LastActivityDateUtc], [c].[LastIpAddress], [c].[LastLoginDateUtc], [c].[RegisteredInStoreId], [c].[RequireReLogin], [c].[ShippingAddress_Id], [c].[SystemName], [c].[Username], [c].[VendorId]
      FROM [Customer] AS [c]
      WHERE [c].[Email] = @__email_0
      ORDER BY [c].[Id]
info: Microsoft.EntityFrameworkCore.Database.Command[20101]
      Executed DbCommand (18ms) [Parameters=[@__get_Item_0='?' (DbType = Int32)], CommandType='Text', CommandTimeout='30']
      SELECT [e].[Customer_Id], [e].[CustomerRole_Id]
      FROM [Customer_CustomerRole_Mapping] AS [e]
      WHERE [e].[Customer_Id] = @__get_Item_0
info: Microsoft.EntityFrameworkCore.Database.Command[20101]
      Executed DbCommand (34ms) [Parameters=[@__get_Item_0='?' (DbType = Int32)], CommandType='Text', CommandTimeout='30']
      SELECT [e].[Id], [e].[Active], [e].[DefaultTaxDisplayTypeId], [e].[EnablePasswordLifetime], [e].[FreeShipping], [e].[IsSystemRole], [e].[Name], [e].[OverrideTaxDisplayType], [e].[PurchasedWithProductId], [e].[SystemName], [e].[TaxExempt]
      FROM [CustomerRole] AS [e]
      WHERE [e].[Id] = @__get_Item_0
info: Microsoft.EntityFrameworkCore.Database.Command[20101]
      Executed DbCommand (115ms) [Parameters=[@__get_Item_0='?' (DbType = Int32)], CommandType='Text', CommandTimeout='30']
      SELECT [e].[Id], [e].[Active], [e].[DefaultTaxDisplayTypeId], [e].[EnablePasswordLifetime], [e].[FreeShipping], [e].[IsSystemRole], [e].[Name], [e].[OverrideTaxDisplayType], [e].[PurchasedWithProductId], [e].[SystemName], [e].[TaxExempt]
      FROM [CustomerRole] AS [e]
      WHERE [e].[Id] = @__get_Item_0
info: Microsoft.EntityFrameworkCore.Database.Command[20101]
      Executed DbCommand (40ms) [Parameters=[@__get_Item_0='?' (DbType = Int32)], CommandType='Text', CommandTimeout='30']
      SELECT [e].[Id], [e].[Active], [e].[DefaultTaxDisplayTypeId], [e].[EnablePasswordLifetime], [e].[FreeShipping], [e].[IsSystemRole], [e].[Name], [e].[OverrideTaxDisplayType], [e].[PurchasedWithProductId], [e].[SystemName], [e].[TaxExempt]
      FROM [CustomerRole] AS [e]
      WHERE [e].[Id] = @__get_Item_0
info: Microsoft.EntityFrameworkCore.Database.Command[20101]
      Executed DbCommand (149ms) [Parameters=[@__entityId_0='?' (DbType = Int32), @__keyGroup_1='?' (Size = 400)], CommandType='Text', CommandTimeout='30']
      SELECT [ga].[Id], [ga].[EntityId], [ga].[Key], [ga].[KeyGroup], [ga].[StoreId], [ga].[Value]
      FROM [GenericAttribute] AS [ga]
      WHERE ([ga].[EntityId] = @__entityId_0) AND ([ga].[KeyGroup] = @__keyGroup_1)
info: Microsoft.AspNetCore.Mvc.Internal.ControllerActionInvoker[1]
      Route matched with {action = "Index", controller = "Home", area = ""}. Executing action Nop.Web.Controllers.HomeController.Index (Nop.Web)
info: Microsoft.EntityFrameworkCore.Database.Command[20101]
      Executed DbCommand (176ms) [Parameters=[@p23='?' (DbType = Int32), @p0='?' (DbType = Boolean), @p1='?' (Size = 4000), @p2='?' (DbType = Int32), @p3='?' (DbType = Int32), @p4='?' (DbType = DateTime2), @p5='?' (DbType = DateTime2), @p6='?' (DbType = Guid), @p7='?' (DbType = Boolean), @p8='?' (Size = 1000), @p9='?' (Size = 1000), @p10='?' (DbType = Int32), @p11='?' (DbType = Boolean), @p12='?' (DbType = Boolean), @p13='?' (DbType = Boolean), @p14='?' (DbType = DateTime2), @p15='?' (Size = 4000), @p16='?' (DbType = DateTime2), @p17='?' (DbType = Int32), @p18='?' (DbType = Boolean), @p19='?' (DbType = Int32), @p20='?' (Size = 400), @p21='?' (Size = 1000), @p22='?' (DbType = Int32)], CommandType='Text', CommandTimeout='30']
      SET NOCOUNT ON;
      UPDATE [Customer] SET [Active] = @p0, [AdminComment] = @p1, [AffiliateId] = @p2, [BillingAddress_Id] = @p3, [CannotLoginUntilDateUtc] = @p4, [CreatedOnUtc] = @p5, [CustomerGuid] = @p6, [Deleted] = @p7, [Email] = @p8, [EmailToRevalidate] = @p9, [FailedLoginAttempts] = @p10, [HasShoppingCartItems] = @p11, [IsSystemAccount] = @p12, [IsTaxExempt] = @p13, [LastActivityDateUtc] = @p14, [LastIpAddress] = @p15, [LastLoginDateUtc] = @p16, [RegisteredInStoreId] = @p17, [RequireReLogin] = @p18, [ShippingAddress_Id] = @p19, [SystemName] = @p20, [Username] = @p21, [VendorId] = @p22
      WHERE [Id] = @p23;
      SELECT @@ROWCOUNT;
info: Microsoft.AspNetCore.Mvc.Internal.ControllerActionInvoker[1]
      Executing action method Nop.Web.Controllers.HomeController.Index (Nop.Web) - Validation state: Valid
info: Microsoft.AspNetCore.Mvc.Internal.ControllerActionInvoker[2]
      Executed action method Nop.Web.Controllers.HomeController.Index (Nop.Web), returned result Microsoft.AspNetCore.Mvc.ViewResult in 0.0465ms.
info: Microsoft.AspNetCore.Mvc.ViewFeatures.ViewResultExecutor[1]
      Executing ViewResult, running view Index.
info: Microsoft.EntityFrameworkCore.Database.Command[20101]
      Executed DbCommand (107ms) [Parameters=[@__systemName_0='?' (Size = 4000)], CommandType='Text', CommandTimeout='30']
      SELECT [t].[Id], [t].[AccessibleWhenStoreClosed], [t].[Body], [t].[DisplayOrder], [t].[IncludeInFooterColumn1], [t].[IncludeInFooterColumn2], [t].[IncludeInFooterColumn3], [t].[IncludeInSitemap], [t].[IncludeInTopMenu], [t].[IsPasswordProtected], [t].[LimitedToStores], [t].[MetaDescription], [t].[MetaKeywords], [t].[MetaTitle], [t].[Password], [t].[Published], [t].[SubjectToAcl], [t].[SystemName], [t].[Title], [t].[TopicTemplateId]
      FROM [Topic] AS [t]
      WHERE ([t].[SystemName] = @__systemName_0) AND ([t].[Published] = 1)
      ORDER BY [t].[Id]
info: Microsoft.EntityFrameworkCore.Database.Command[20101]
      Executed DbCommand (117ms) [Parameters=[], CommandType='Text', CommandTimeout='30']
      SELECT [p].[Id], [p].[AdditionalShippingCharge], [p].[AdminComment], [p].[AllowAddingOnlyExistingAttributeCombinations], [p].[AllowBackInStockSubscriptions], [p].[AllowCustomerReviews], [p].[AllowedQuantities], [p].[ApprovedRatingSum], [p].[ApprovedTotalReviews], [p].[AutomaticallyAddRequiredProducts], [p].[AvailableEndDateTimeUtc], [p].[AvailableForPreOrder], [p].[AvailableStartDateTimeUtc], [p].[BackorderModeId], [p].[BasepriceAmount], [p].[BasepriceBaseAmount], [p].[BasepriceBaseUnitId], [p].[BasepriceEnabled], [p].[BasepriceUnitId], [p].[CallForPrice], [p].[CreatedOnUtc], [p].[CustomerEntersPrice], [p].[Deleted], [p].[DeliveryDateId], [p].[DisableBuyButton], [p].[DisableWishlistButton], [p].[DisplayOrder], [p].[DisplayStockAvailability], [p].[DisplayStockQuantity], [p].[DownloadActivationTypeId], [p].[DownloadExpirationDays], [p].[DownloadId], [p].[FullDescription], [p].[GiftCardTypeId], [p].[Gtin], [p].[HasDiscountsApplied], [p].[HasSampleDownload], [p].[HasTierPrices], [p].[HasUserAgreement], [p].[Height], [p].[IsDownload], [p].[IsFreeShipping], [p].[IsGiftCard], [p].[IsRecurring], [p].[IsRental], [p].[IsShipEnabled], [p].[IsTaxExempt], [p].[IsTelecommunicationsOrBroadcastingOrElectronicServices], [p].[Length], [p].[LimitedToStores], [p].[LowStockActivityId], [p].[ManageInventoryMethodId], [p].[ManufacturerPartNumber], [p].[MarkAsNew], [p].[MarkAsNewEndDateTimeUtc], [p].[MarkAsNewStartDateTimeUtc], [p].[MaxNumberOfDownloads], [p].[MaximumCustomerEnteredPrice], [p].[MetaDescription], [p].[MetaKeywords], [p].[MetaTitle], [p].[MinStockQuantity], [p].[MinimumCustomerEnteredPrice], [p].[Name], [p].[NotApprovedRatingSum], [p].[NotApprovedTotalReviews], [p].[NotReturnable], [p].[NotifyAdminForQuantityBelow], [p].[OldPrice], [p].[OrderMaximumQuantity], [p].[OrderMinimumQuantity], [p].[OverriddenGiftCardAmount], [p].[ParentGroupedProductId], [p].[PreOrderAvailabilityStartDateTimeUtc], [p].[Price], [p].[ProductAvailabilityRangeId], [p].[ProductCost], [p].[ProductTemplateId], [p].[ProductTypeId], [p].[Published], [p].[RecurringCycleLength], [p].[RecurringCyclePeriodId], [p].[RecurringTotalCycles], [p].[RentalPriceLength], [p].[RentalPricePeriodId], [p].[RequireOtherProducts], [p].[RequiredProductIds], [p].[SampleDownloadId], [p].[ShipSeparately], [p].[ShortDescription], [p].[ShowOnHomePage], [p].[Sku], [p].[StockQuantity], [p].[SubjectToAcl], [p].[TaxCategoryId], [p].[UnlimitedDownloads], [p].[UpdatedOnUtc], [p].[UseMultipleWarehouses], [p].[UserAgreementText], [p].[VendorId], [p].[VisibleIndividually], [p].[WarehouseId], [p].[Weight], [p].[Width]
      FROM [Product] AS [p]
      WHERE (([p].[Published] = 1) AND ([p].[Deleted] = 0)) AND ([p].[ShowOnHomePage] = 1)
      ORDER BY [p].[DisplayOrder], [p].[Id]
info: Microsoft.EntityFrameworkCore.Database.Command[20101]
      Executed DbCommand (548ms) [Parameters=[@__get_Item_0='?' (DbType = Int32)], CommandType='Text', CommandTimeout='30']
      SELECT [e].[Id], [e].[AttributesXml], [e].[CreatedOnUtc], [e].[CustomerEnteredPrice], [e].[CustomerId], [e].[ProductId], [e].[Quantity], [e].[RentalEndDateUtc], [e].[RentalStartDateUtc], [e].[ShoppingCartTypeId], [e].[StoreId], [e].[UpdatedOnUtc]
      FROM [ShoppingCartItem] AS [e]
      WHERE [e].[CustomerId] = @__get_Item_0
info: Microsoft.AspNetCore.Mvc.ViewFeatures.ViewResultExecutor[4]
      Executed ViewResult - view Index executed in 32282.0213ms.
info: Microsoft.AspNetCore.Mvc.Internal.ControllerActionInvoker[2]
      Executed action Nop.Web.Controllers.HomeController.Index (Nop.Web) in 33516.475ms
info: Microsoft.AspNetCore.Hosting.Internal.WebHost[2]
      Request finished in 39428.6547ms 200 text/html; charset=utf-8
info: Microsoft.AspNetCore.Hosting.Internal.WebHost[1]
      Request starting HTTP/1.1 GET http://localhost:15536/Themes/Flexo/Content/images/logo.png  
warn: Microsoft.AspNetCore.Localization.RequestLocalizationMiddleware[1]
      AcceptLanguageHeaderRequestCultureProvider returned the following unsupported cultures 'es, en-AU, en'.
warn: Microsoft.AspNetCore.Localization.RequestLocalizationMiddleware[2]
      AcceptLanguageHeaderRequestCultureProvider returned the following unsupported UI Cultures 'es, en-AU, en'.
info: Microsoft.AspNetCore.Hosting.Internal.WebHost[2]
      Request finished in 5792.1557ms 404 








































































































































































































































